<?xml version="1.0" encoding="UTF-8" ?>
<testsuite errors="0" failures="0" hostname="CCONYC18QAD" name="com.iheart.junit.localSanity.DemoTest" skipped="0" tests="1" time="34.936" timestamp="2015-05-13T17:14:47">
  <properties>
[...]
</properties>
  <testcase classname="com.iheart.junit.localSanity.DemoTest" name="testAL_485_listenLive" time="34.795" />
  <system-out><![CDATA[test method:testAL_485_listenLive
pname/campid/cid:1793/play_bar/main.html
testAL_485_listenLive is Done.
]]></system-out>
  <system-err><![CDATA[May 13, 2015 1:14:59 PM org.openqa.selenium.os.UnixProcess$SeleniumWatchDog destroyHarder
INFO: Command failed to close cleanly. Destroying forcefully (v2). org.openqa.selenium.os.UnixProcess$SeleniumWatchDog@2fb3536e
]]></system-err>
</testsuite>
